<?xml version="1.0" encoding="UTF-8"?>
<!-- Generated by org.testng.reporters.JUnitReportReporter -->
<testsuite hostname="BASIL" failures="0" tests="1" name="testscript.LogoutTest" time="2.730" errors="0" timestamp="2025-09-19T10:41:41 IST" skipped="0">
  <testcase classname="testscript.LogoutTest" name="verifyUserAbleToLogout" time="2.730"/>
</testsuite> <!-- testscript.LogoutTest -->
