<?xml version="1.0" encoding="UTF-8"?>
<!-- Generated by org.testng.reporters.JUnitReportReporter -->
<testsuite hostname="BASIL" failures="0" tests="2" name="testscript.ManageFooterTextTest" time="8.426" errors="0" timestamp="2025-09-12T01:12:27 IST" skipped="0">
  <testcase classname="testscript.ManageFooterTextTest" name="manageFooterTextUpdate" time="4.840"/>
  <testcase classname="testscript.ManageFooterTextTest" name="validateUpdateBtnPresent" time="3.586"/>
</testsuite> <!-- testscript.ManageFooterTextTest -->
