<?xml version="1.0" encoding="UTF-8"?>
<!-- Generated by org.testng.reporters.JUnitReportReporter -->
<testsuite hostname="BASIL" failures="0" tests="1" name="testscript.ManageNewsUpdateTest" time="5.705" errors="0" timestamp="2025-08-29T14:23:29 IST" skipped="0">
  <testcase classname="testscript.ManageNewsUpdateTest" name="updatingManageNews" time="5.705"/>
</testsuite> <!-- testscript.ManageNewsUpdateTest -->
