<?xml version="1.0" encoding="UTF-8"?>
<!-- Generated by org.testng.reporters.JUnitReportReporter -->
<testsuite hostname="BASIL" failures="0" tests="2" name="testscript.ManageContactTest" time="10.566" errors="0" timestamp="2025-09-17T20:19:15 IST" skipped="0">
  <testcase classname="testscript.ManageContactTest" name="validateUpdateBtnAvailable" time="3.386"/>
  <testcase classname="testscript.ManageContactTest" name="managingContactDetails" time="7.180"/>
</testsuite> <!-- testscript.ManageContactTest -->
