<?xml version="1.0" encoding="UTF-8"?>
<!-- Generated by org.testng.reporters.JUnitReportReporter -->
<testsuite hostname="BASIL" failures="0" tests="1" name="testscript.ManageContactTest" time="4.048" errors="0" timestamp="2025-08-31T14:06:30 IST" skipped="0">
  <testcase classname="testscript.ManageContactTest" name="validateUpdateBtnAvailable" time="4.048"/>
</testsuite> <!-- testscript.ManageContactTest -->
