<?xml version="1.0" encoding="UTF-8"?>
<!-- Generated by org.testng.reporters.JUnitReportReporter -->
<testsuite hostname="BASIL" failures="0" tests="1" name="testscript.ManageCategoryTest" time="10.176" errors="0" timestamp="2025-09-19T10:41:41 IST" skipped="0">
  <testcase classname="testscript.ManageCategoryTest" name="verifyAbleToAddNewCategory" time="10.176"/>
</testsuite> <!-- testscript.ManageCategoryTest -->
