<?xml version="1.0" encoding="UTF-8"?>
<!-- Generated by org.testng.reporters.JUnitReportReporter -->
<testsuite hostname="BASIL" failures="0" tests="1" name="testscript.ManageContactTest" time="5.133" errors="0" timestamp="2025-08-30T12:17:30 IST" skipped="0">
  <testcase classname="testscript.ManageContactTest" name="managingContactDetails" time="5.133"/>
</testsuite> <!-- testscript.ManageContactTest -->
