<?xml version="1.0" encoding="UTF-8"?>
<!-- Generated by org.testng.reporters.JUnitReportReporter -->
<testsuite hostname="BASIL" failures="0" tests="1" name="testscript.ManageContactValidationTest" time="5.089" errors="0" timestamp="2025-08-29T15:20:53 IST" skipped="0">
  <testcase classname="testscript.ManageContactValidationTest" name="validateUpdateBtnAvailable" time="5.089"/>
</testsuite> <!-- testscript.ManageContactValidationTest -->
