<?xml version="1.0" encoding="UTF-8"?>
<!-- Generated by org.testng.reporters.JUnitReportReporter -->
<testsuite hostname="BASIL" failures="0" tests="2" name="testscript.LogoutTest" time="11.966" errors="0" timestamp="2025-08-29T22:00:02 IST" skipped="0">
  <testcase classname="testscript.LogoutTest" name="verifyUserLogout" time="7.282"/>
  <testcase classname="testscript.LogoutTest" name="verifyUserLogout" time="4.684"/>
</testsuite> <!-- testscript.LogoutTest -->
