<?xml version="1.0" encoding="UTF-8"?>
<!-- Generated by org.testng.reporters.JUnitReportReporter -->
<testsuite hostname="BASIL" failures="0" tests="2" name="testscript.ManageContactValidationTest" time="11.091" errors="0" timestamp="2025-08-29T23:06:57 IST" skipped="0">
  <testcase classname="testscript.ManageContactValidationTest" name="validateUpdateBtnAvailable" time="4.713"/>
  <testcase classname="testscript.ManageContactValidationTest" name="validateUpdateBtnAvailable" time="6.378"/>
</testsuite> <!-- testscript.ManageContactValidationTest -->
