<?xml version="1.0" encoding="UTF-8"?>
<!-- Generated by org.testng.reporters.JUnitReportReporter -->
<testsuite hostname="BASIL" failures="0" tests="3" name="testscript.ManageNewsTest" time="14.464" errors="0" timestamp="2025-08-29T22:59:42 IST" skipped="1">
  <testcase classname="testscript.ManageNewsTest" name="creatingNewNews" time="5.023"/>
  <testcase classname="testscript.ManageNewsTest" name="creatingNewNews" time="2.176">
    <skipped/>
  </testcase> <!-- creatingNewNews -->
  <testcase classname="testscript.ManageNewsTest" name="creatingNewNews" time="7.265"/>
</testsuite> <!-- testscript.ManageNewsTest -->
