<?xml version="1.0" encoding="UTF-8"?>
<!-- Generated by org.testng.reporters.JUnitReportReporter -->
<testsuite hostname="BASIL" failures="0" tests="1" name="testscript.LoginTest" time="5.988" errors="0" timestamp="2025-08-27T22:29:00 IST" skipped="0">
  <testcase classname="testscript.LoginTest" name="verifyUserIsAbleToLoginUsingValidCredentials" time="5.988"/>
</testsuite> <!-- testscript.LoginTest -->
