<?xml version="1.0" encoding="UTF-8"?>
<!-- Generated by org.testng.reporters.JUnitReportReporter -->
<testsuite hostname="BASIL" failures="0" tests="2" name="testscript.ManageFooterTextTest" time="11.281" errors="0" timestamp="2025-08-29T21:43:25 IST" skipped="0">
  <testcase classname="testscript.ManageFooterTextTest" name="manageFooterText" time="5.227"/>
  <testcase classname="testscript.ManageFooterTextTest" name="manageFooterText" time="6.054"/>
</testsuite> <!-- testscript.ManageFooterTextTest -->
