<?xml version="1.0" encoding="UTF-8"?>
<!-- Generated by org.testng.reporters.JUnitReportReporter -->
<testsuite hostname="BASIL" failures="0" tests="2" name="testscript.ManageCategoryTest" time="17.962" errors="0" timestamp="2025-09-12T01:12:27 IST" skipped="1">
  <testcase classname="testscript.ManageCategoryTest" name="addNewCategory" time="6.435"/>
  <testcase classname="testscript.ManageCategoryTest" name="addNewCategory" time="11.527">
    <skipped/>
  </testcase> <!-- addNewCategory -->
</testsuite> <!-- testscript.ManageCategoryTest -->
