<?xml version="1.0" encoding="UTF-8"?>
<!-- Generated by org.testng.reporters.JUnitReportReporter -->
<testsuite hostname="BASIL" failures="0" tests="2" name="testscript.ManageContactTest" time="14.742" errors="0" timestamp="2025-09-19T11:22:42 IST" skipped="0">
  <testcase classname="testscript.ManageContactTest" name="verifyUpdateButtonIsAvailableInManageContactPage" time="5.632"/>
  <testcase classname="testscript.ManageContactTest" name="verifyAbleToManageContactDetails" time="9.110"/>
</testsuite> <!-- testscript.ManageContactTest -->
