<?xml version="1.0" encoding="UTF-8"?>
<!-- Generated by org.testng.reporters.JUnitReportReporter -->
<testsuite hostname="BASIL" failures="0" tests="2" name="testscript.ManageNewsTest" time="9.867" errors="0" timestamp="2025-09-19T10:41:41 IST" skipped="0">
  <testcase classname="testscript.ManageNewsTest" name="verifytheUpdationOfExistingNews" time="6.322"/>
  <testcase classname="testscript.ManageNewsTest" name="verifytheCreationOfNewNews" time="3.545"/>
</testsuite> <!-- testscript.ManageNewsTest -->
