<?xml version="1.0" encoding="UTF-8"?>
<!-- Generated by org.testng.reporters.JUnitReportReporter -->
<testsuite hostname="BASIL" failures="0" tests="1" name="testscript.ManageNewsTest" time="6.878" errors="0" timestamp="2025-08-27T22:29:45 IST" skipped="0">
  <testcase classname="testscript.ManageNewsTest" name="creatingNewNews" time="6.878"/>
</testsuite> <!-- testscript.ManageNewsTest -->
