<?xml version="1.0" encoding="UTF-8"?>
<!-- Generated by org.testng.reporters.JUnitReportReporter -->
<testsuite hostname="BASIL" failures="0" tests="2" name="testscript.AdminUsersTest" time="14.381" errors="0" timestamp="2025-09-12T01:12:27 IST" skipped="1">
  <testcase classname="testscript.AdminUsersTest" name="createAdminUser" time="9.792">
    <skipped/>
  </testcase> <!-- createAdminUser -->
  <testcase classname="testscript.AdminUsersTest" name="createAdminUser" time="4.589"/>
</testsuite> <!-- testscript.AdminUsersTest -->
