<?xml version="1.0" encoding="UTF-8"?>
<!-- Generated by org.testng.reporters.JUnitReportReporter -->
<testsuite hostname="BASIL" failures="0" tests="1" name="testscript.LogoutTest" time="3.636" errors="0" timestamp="2025-09-12T01:12:27 IST" skipped="0">
  <testcase classname="testscript.LogoutTest" name="verifyUserLogout" time="3.636"/>
</testsuite> <!-- testscript.LogoutTest -->
