<?xml version="1.0" encoding="UTF-8"?>
<!-- Generated by org.testng.reporters.JUnitReportReporter -->
<testsuite hostname="BASIL" failures="0" tests="3" name="testscript.LogoutTest" time="20.759" errors="0" timestamp="2025-09-01T21:10:56 IST" skipped="1">
  <testcase classname="testscript.LogoutTest" name="verifyUserLogout" time="4.990">
    <skipped/>
  </testcase> <!-- verifyUserLogout -->
  <testcase classname="testscript.LogoutTest" name="verifyUserLogout" time="9.433"/>
  <testcase classname="testscript.LogoutTest" name="verifyUserLogout" time="6.336"/>
</testsuite> <!-- testscript.LogoutTest -->
