<?xml version="1.0" encoding="UTF-8"?>
<!-- Generated by org.testng.reporters.JUnitReportReporter -->
<testsuite hostname="BASIL" failures="0" tests="2" name="testscript.ManageNewsTest" time="11.920" errors="0" timestamp="2025-09-12T01:12:27 IST" skipped="0">
  <testcase classname="testscript.ManageNewsTest" name="updateExistingNews" time="7.352"/>
  <testcase classname="testscript.ManageNewsTest" name="creatingnewNews" time="4.568"/>
</testsuite> <!-- testscript.ManageNewsTest -->
