<?xml version="1.0" encoding="UTF-8"?>
<!-- Generated by org.testng.reporters.JUnitReportReporter -->
<testsuite hostname="BASIL" failures="0" tests="1" name="testscript.ManageFooterTextTest" time="4.502" errors="0" timestamp="2025-08-31T14:07:48 IST" skipped="0">
  <testcase classname="testscript.ManageFooterTextTest" name="manageFooterTextUpdate" time="4.502"/>
</testsuite> <!-- testscript.ManageFooterTextTest -->
