<?xml version="1.0" encoding="UTF-8"?>
<!-- Generated by org.testng.reporters.JUnitReportReporter -->
<testsuite hostname="BASIL" failures="0" tests="1" name="testscript.ManageContactValidationTest" time="8.235" errors="0" timestamp="2025-08-27T23:52:26 IST" skipped="0">
  <testcase classname="testscript.ManageContactValidationTest" name="validateUpdateBtnAvailable" time="8.235"/>
</testsuite> <!-- testscript.ManageContactValidationTest -->
