<?xml version="1.0" encoding="UTF-8"?>
<!-- Generated by org.testng.reporters.JUnitReportReporter -->
<testsuite hostname="BASIL" failures="0" tests="1" name="testscript.ManageFooterTextTest" time="4.660" errors="0" timestamp="2025-08-29T15:30:17 IST" skipped="0">
  <testcase classname="testscript.ManageFooterTextTest" name="manageFooterText" time="4.660"/>
</testsuite> <!-- testscript.ManageFooterTextTest -->
