<?xml version="1.0" encoding="UTF-8"?>
<!-- Generated by org.testng.reporters.JUnitReportReporter -->
<testsuite hostname="BASIL" failures="0" tests="2" name="testscript.ManageFooterTextTest" time="7.653" errors="0" timestamp="2025-09-01T20:53:30 IST" skipped="0">
  <testcase classname="testscript.ManageFooterTextTest" name="manageFooterTextUpdate" time="4.369"/>
  <testcase classname="testscript.ManageFooterTextTest" name="validateUpdateBtnPresent" time="3.284"/>
</testsuite> <!-- testscript.ManageFooterTextTest -->
