<?xml version="1.0" encoding="UTF-8"?>
<!-- Generated by org.testng.reporters.JUnitReportReporter -->
<testsuite hostname="BASIL" failures="0" tests="2" name="testscript.ManageContactTest" time="11.432" errors="0" timestamp="2025-09-01T20:53:30 IST" skipped="0">
  <testcase classname="testscript.ManageContactTest" name="validateUpdateBtnAvailable" time="3.864"/>
  <testcase classname="testscript.ManageContactTest" name="managingContactDetails" time="7.568"/>
</testsuite> <!-- testscript.ManageContactTest -->
