<?xml version="1.0" encoding="UTF-8"?>
<!-- Generated by org.testng.reporters.JUnitReportReporter -->
<testsuite hostname="BASIL" failures="0" tests="2" name="testscript.ManageContactTest" time="11.079" errors="0" timestamp="2025-09-12T01:35:23 IST" skipped="0">
  <testcase classname="testscript.ManageContactTest" name="validateUpdateBtnAvailable" time="4.443"/>
  <testcase classname="testscript.ManageContactTest" name="managingContactDetails" time="6.636"/>
</testsuite> <!-- testscript.ManageContactTest -->
