<?xml version="1.0" encoding="UTF-8"?>
<!-- Generated by org.testng.reporters.JUnitReportReporter -->
<testsuite hostname="BASIL" failures="0" tests="1" name="testscript.ManageCategoryTest" time="10.656" errors="0" timestamp="2025-09-01T20:53:30 IST" skipped="0">
  <testcase classname="testscript.ManageCategoryTest" name="addNewCategory" time="10.656"/>
</testsuite> <!-- testscript.ManageCategoryTest -->
