<?xml version="1.0" encoding="UTF-8"?>
<!-- Generated by org.testng.reporters.JUnitReportReporter -->
<testsuite hostname="BASIL" failures="0" tests="1" name="testscript.ManageFooterTextUpdateBtnValidationTest" time="3.879" errors="0" timestamp="2025-08-29T15:29:45 IST" skipped="0">
  <testcase classname="testscript.ManageFooterTextUpdateBtnValidationTest" name="validateUpdateBtn" time="3.879"/>
</testsuite> <!-- testscript.ManageFooterTextUpdateBtnValidationTest -->
