<?xml version="1.0" encoding="UTF-8"?>
<!-- Generated by org.testng.reporters.JUnitReportReporter -->
<testsuite hostname="BASIL" failures="0" tests="1" name="testscript.ManageNewsTest" time="6.943" errors="0" timestamp="2025-08-29T13:36:23 IST" skipped="0">
  <testcase classname="testscript.ManageNewsTest" name="creatingNewNews" time="6.943"/>
</testsuite> <!-- testscript.ManageNewsTest -->
