<?xml version="1.0" encoding="UTF-8"?>
<!-- Generated by org.testng.reporters.JUnitReportReporter -->
<testsuite hostname="BASIL" failures="0" tests="2" name="testscript.ManageFooterTextTest" time="8.676" errors="0" timestamp="2025-09-19T10:41:41 IST" skipped="0">
  <testcase classname="testscript.ManageFooterTextTest" name="verifyUpdateButtonIsAvailableInManageFooterDetails" time="4.654"/>
  <testcase classname="testscript.ManageFooterTextTest" name="verifyAbleToManageFooterDetails" time="4.022"/>
</testsuite> <!-- testscript.ManageFooterTextTest -->
