<?xml version="1.0" encoding="UTF-8"?>
<!-- Generated by org.testng.reporters.JUnitReportReporter -->
<testsuite hostname="BASIL" failures="0" tests="1" name="testscript.LogoutTest" time="5.526" errors="0" timestamp="2025-08-27T22:58:15 IST" skipped="0">
  <testcase classname="testscript.LogoutTest" name="verifyUserLogout" time="5.526"/>
</testsuite> <!-- testscript.LogoutTest -->
