<?xml version="1.0" encoding="UTF-8"?>
<!-- Generated by org.testng.reporters.JUnitReportReporter -->
<testsuite hostname="BASIL" failures="0" tests="3" name="testscript.ManageNewsUpdateTest" time="14.599" errors="0" timestamp="2025-08-29T22:59:42 IST" skipped="1">
  <testcase classname="testscript.ManageNewsUpdateTest" name="updatingManageNews" time="2.238">
    <skipped/>
  </testcase> <!-- updatingManageNews -->
  <testcase classname="testscript.ManageNewsUpdateTest" name="updatingManageNews" time="7.298"/>
  <testcase classname="testscript.ManageNewsUpdateTest" name="updatingManageNews" time="5.063"/>
</testsuite> <!-- testscript.ManageNewsUpdateTest -->
