<?xml version="1.0" encoding="UTF-8"?>
<!-- Generated by org.testng.reporters.JUnitReportReporter -->
<testsuite hostname="BASIL" failures="0" tests="1" name="testscript.ManageContactTest" time="8.201" errors="0" timestamp="2025-08-29T13:01:53 IST" skipped="0">
  <testcase classname="testscript.ManageContactTest" name="managingContactDetails" time="8.201"/>
</testsuite> <!-- testscript.ManageContactTest -->
