<?xml version="1.0" encoding="UTF-8"?>
<!-- Generated by org.testng.reporters.JUnitReportReporter -->
<testsuite hostname="BASIL" failures="0" tests="1" name="testscript.ManageNewsTest" time="4.501" errors="0" timestamp="2025-08-31T14:09:34 IST" skipped="0">
  <testcase classname="testscript.ManageNewsTest" name="updateExistingNews" time="4.501"/>
</testsuite> <!-- testscript.ManageNewsTest -->
