<?xml version="1.0" encoding="UTF-8"?>
<!-- Generated by org.testng.reporters.JUnitReportReporter -->
<testsuite hostname="BASIL" failures="0" tests="2" name="testscript.ManageFooterTextUpdateBtnValidationTest" time="17.246" errors="0" timestamp="2025-08-29T21:44:37 IST" skipped="0">
  <testcase classname="testscript.ManageFooterTextUpdateBtnValidationTest" name="validateUpdateBtn" time="9.593"/>
  <testcase classname="testscript.ManageFooterTextUpdateBtnValidationTest" name="validateUpdateBtn" time="7.653"/>
</testsuite> <!-- testscript.ManageFooterTextUpdateBtnValidationTest -->
